[debug] [2024-05-18T07:42:19.680Z] ----------------------------------------------------------------------
[debug] [2024-05-18T07:42:19.684Z] Command:       /nix/store/qfm6zpnicb4q5x6w6y4cpj5z8ap68j3h-nodejs-18.19.1/bin/node /nix/store/5v7fkyyi565g871f5xgr2prbnwmsi444-firebase-tools-13.8.2/lib/node_modules/firebase-tools/lib/bin/firebase.js init hosting
[debug] [2024-05-18T07:42:19.685Z] CLI Version:   13.8.2
[debug] [2024-05-18T07:42:19.686Z] Platform:      linux
[debug] [2024-05-18T07:42:19.686Z] Node Version:  v18.19.1
[debug] [2024-05-18T07:42:19.687Z] Time:          Sat May 18 2024 07:42:19 GMT+0000 (Coordinated Universal Time)
[debug] [2024-05-18T07:42:19.687Z] ----------------------------------------------------------------------
[debug] 
[debug] [2024-05-18T07:42:19.700Z] > command requires scopes: ["email","openid","https://www.googleapis.com/auth/cloudplatformprojects.readonly","https://www.googleapis.com/auth/firebase","https://www.googleapis.com/auth/cloud-platform"]
[info] 
     ######## #### ########  ######## ########     ###     ######  ########
     ##        ##  ##     ## ##       ##     ##  ##   ##  ##       ##
     ######    ##  ########  ######   ########  #########  ######  ######
     ##        ##  ##    ##  ##       ##     ## ##     ##       ## ##
     ##       #### ##     ## ######## ########  ##     ##  ######  ########

You're about to initialize a Firebase project in this directory:

  /home/user/multipleWindow3dScene

[info] 
=== Project Setup
[info] 
[info] First, let's associate this project directory with a Firebase project.
[info] You can create multiple project aliases by running firebase use --add, 
[info] but for now we'll just set up a default project.
[info] 
[debug] [2024-05-18T07:42:36.556Z] >>> [apiv2][query] GET https://firebase.googleapis.com/v1beta1/availableProjects pageSize=100
[debug] [2024-05-18T07:42:36.684Z] <<< [apiv2][status] GET https://firebase.googleapis.com/v1beta1/availableProjects 403
[debug] [2024-05-18T07:42:36.688Z] <<< [apiv2][body] GET https://firebase.googleapis.com/v1beta1/availableProjects [omitted]
[debug] [2024-05-18T07:42:36.691Z] HTTP Error: 403, Firebase Management API has not been used in project 945553600981 before or it is disabled. Enable it by visiting https://console.developers.google.com/apis/api/firebase.googleapis.com/overview?project=945553600981 then retry. If you enabled this API recently, wait a few minutes for the action to propagate to our systems and retry.
[debug] [2024-05-18T07:42:36.693Z] FirebaseError: HTTP Error: 403, Firebase Management API has not been used in project 945553600981 before or it is disabled. Enable it by visiting https://console.developers.google.com/apis/api/firebase.googleapis.com/overview?project=945553600981 then retry. If you enabled this API recently, wait a few minutes for the action to propagate to our systems and retry.
    at responseToError (/nix/store/5v7fkyyi565g871f5xgr2prbnwmsi444-firebase-tools-13.8.2/lib/node_modules/firebase-tools/lib/responseToError.js:49:12)
    at RetryOperation._fn (/nix/store/5v7fkyyi565g871f5xgr2prbnwmsi444-firebase-tools-13.8.2/lib/node_modules/firebase-tools/lib/apiv2.js:305:77)
    at process.processTicksAndRejections (node:internal/process/task_queues:95:5)
[error] 
[error] Error: Failed to list available Google Cloud Platform projects. See firebase-debug.log for more info.
